<?xml version="1.0" encoding="UTF-8"?>
<!-- Generated by org.testng.reporters.JUnitXMLReporter -->
<testsuite ignored="0" hostname="DESKTOP-3RHQS1L" failures="1" tests="1" name="Test" time="30.221" errors="0" timestamp="2023-12-08T11:01:52 IST">
  <testcase classname="Listeners.Extent_CreateOrganization" name="TestCreateOrg" time="11.822">
    <failure type="java.lang.AssertionError" message="expected [true] but found [false]">
      <![CDATA[java.lang.AssertionError: expected [true] but found [false]
at Listeners.Extent_CreateOrganization.TestCreateOrg(Extent_CreateOrganization.java:39)
at java.base/java.util.ArrayList.forEach(ArrayList.java:1511)
... Removed 32 stack frames]]>
    </failure>
  </testcase> <!-- TestCreateOrg -->
</testsuite> <!-- Test -->
